<?xml version="1.0" encoding="UTF-8"?>
<testsuite xmlns:xsi="http://www.w3.org/2001/XMLSchema-instance" xsi:noNamespaceSchemaLocation="https://maven.apache.org/surefire/maven-surefire-plugin/xsd/surefire-test-report.xsd" name="com.mycompany.app.AppTest" time="0.114" tests="1" errors="0" skipped="0" failures="0">
  <properties>
    <property name="java.specification.version" value="19"/>
    <property name="sun.jnu.encoding" value="UTF-8"/>
    <property name="java.class.path" value="/mnt/e/Clouds/OneDrive/GitHub/docker-szkolenie-v3/Dzień 2/01. Maven/my-maven-docker-project/target/test-classes:/mnt/e/Clouds/OneDrive/GitHub/docker-szkolenie-v3/Dzień 2/01. Maven/my-maven-docker-project/target/classes:/home/sebkoz/.m2/repository/junit/junit/4.11/junit-4.11.jar:/home/sebkoz/.m2/repository/org/hamcrest/hamcrest-core/1.3/hamcrest-core-1.3.jar:"/>
    <property name="java.vm.vendor" value="Oracle Corporation"/>
    <property name="sun.arch.data.model" value="64"/>
    <property name="java.vendor.url" value="https://java.oracle.com/"/>
    <property name="os.name" value="Linux"/>
    <property name="java.vm.specification.version" value="19"/>
    <property name="sun.java.launcher" value="SUN_STANDARD"/>
    <property name="sun.boot.library.path" value="/usr/lib/jvm/jdk-19/lib"/>
    <property name="sun.java.command" value="/mnt/e/Clouds/OneDrive/GitHub/docker-szkolenie-v3/Dzień 2/01. Maven/my-maven-docker-project/target/surefire/surefirebooter14939472100357206217.jar /mnt/e/Clouds/OneDrive/GitHub/docker-szkolenie-v3/Dzień 2/01. Maven/my-maven-docker-project/target/surefire 2022-12-06T02-56-43_108-jvmRun1 surefire11785558694449950398tmp surefire_0103683682823973823tmp"/>
    <property name="jdk.debug" value="release"/>
    <property name="surefire.test.class.path" value="/mnt/e/Clouds/OneDrive/GitHub/docker-szkolenie-v3/Dzień 2/01. Maven/my-maven-docker-project/target/test-classes:/mnt/e/Clouds/OneDrive/GitHub/docker-szkolenie-v3/Dzień 2/01. Maven/my-maven-docker-project/target/classes:/home/sebkoz/.m2/repository/junit/junit/4.11/junit-4.11.jar:/home/sebkoz/.m2/repository/org/hamcrest/hamcrest-core/1.3/hamcrest-core-1.3.jar:"/>
    <property name="sun.cpu.endian" value="little"/>
    <property name="user.home" value="/home/sebkoz"/>
    <property name="user.language" value="en"/>
    <property name="java.specification.vendor" value="Oracle Corporation"/>
    <property name="java.version.date" value="2022-10-18"/>
    <property name="java.home" value="/usr/lib/jvm/jdk-19"/>
    <property name="file.separator" value="/"/>
    <property name="basedir" value="/mnt/e/Clouds/OneDrive/GitHub/docker-szkolenie-v3/Dzień 2/01. Maven/my-maven-docker-project"/>
    <property name="java.vm.compressedOopsMode" value="Zero based"/>
    <property name="line.separator" value="&#10;"/>
    <property name="java.vm.specification.vendor" value="Oracle Corporation"/>
    <property name="java.specification.name" value="Java Platform API Specification"/>
    <property name="surefire.real.class.path" value="/mnt/e/Clouds/OneDrive/GitHub/docker-szkolenie-v3/Dzień 2/01. Maven/my-maven-docker-project/target/surefire/surefirebooter14939472100357206217.jar"/>
    <property name="sun.management.compiler" value="HotSpot 64-Bit Tiered Compilers"/>
    <property name="java.runtime.version" value="19.0.1+10-21"/>
    <property name="user.name" value="sebkoz"/>
    <property name="stdout.encoding" value="UTF-8"/>
    <property name="path.separator" value=":"/>
    <property name="os.version" value="5.15.74.2-microsoft-standard-WSL2"/>
    <property name="java.runtime.name" value="Java(TM) SE Runtime Environment"/>
    <property name="file.encoding" value="UTF-8"/>
    <property name="java.vm.name" value="Java HotSpot(TM) 64-Bit Server VM"/>
    <property name="localRepository" value="/home/sebkoz/.m2/repository"/>
    <property name="java.vendor.url.bug" value="https://bugreport.java.com/bugreport/"/>
    <property name="java.io.tmpdir" value="/tmp"/>
    <property name="java.version" value="19.0.1"/>
    <property name="user.dir" value="/mnt/e/Clouds/OneDrive/GitHub/docker-szkolenie-v3/Dzień 2/01. Maven/my-maven-docker-project"/>
    <property name="os.arch" value="amd64"/>
    <property name="java.vm.specification.name" value="Java Virtual Machine Specification"/>
    <property name="native.encoding" value="UTF-8"/>
    <property name="java.library.path" value="/usr/java/packages/lib:/usr/lib64:/lib64:/lib:/usr/lib"/>
    <property name="stderr.encoding" value="UTF-8"/>
    <property name="java.vm.info" value="mixed mode, sharing"/>
    <property name="java.vendor" value="Oracle Corporation"/>
    <property name="java.vm.version" value="19.0.1+10-21"/>
    <property name="sun.io.unicode.encoding" value="UnicodeLittle"/>
    <property name="java.class.version" value="63.0"/>
  </properties>
  <testcase name="shouldAnswerWithTrue" classname="com.mycompany.app.AppTest" time="0.006"/>
</testsuite>